2017/06/26 21:38:12 INFO  - jmeter.util.JMeterUtils: Setting Locale to zh_CN 
2017/06/26 21:38:12 INFO  - jmeter.JMeter: Loading user properties from: E:\BaiduNetdiskDownload\apache-jmeter-3.1\apache-jmeter-3.1\bin\user.properties 
2017/06/26 21:38:12 INFO  - jmeter.JMeter: Loading system properties from: E:\BaiduNetdiskDownload\apache-jmeter-3.1\apache-jmeter-3.1\bin\system.properties 
2017/06/26 21:38:12 INFO  - jmeter.JMeter: Setting JMeter property: jmeter.save.saveservice.output_format=xml 
2017/06/26 21:38:12 INFO  - jmeter.JMeter: Copyright (c) 1998-2016 The Apache Software Foundation 
2017/06/26 21:38:12 INFO  - jmeter.JMeter: Version 3.1 r1770033 
2017/06/26 21:38:12 INFO  - jmeter.JMeter: java.version=1.8.0_131 
2017/06/26 21:38:12 INFO  - jmeter.JMeter: java.vm.name=Java HotSpot(TM) 64-Bit Server VM 
2017/06/26 21:38:12 INFO  - jmeter.JMeter: os.name=Windows 10 
2017/06/26 21:38:12 INFO  - jmeter.JMeter: os.arch=amd64 
2017/06/26 21:38:12 INFO  - jmeter.JMeter: os.version=10.0 
2017/06/26 21:38:12 INFO  - jmeter.JMeter: file.encoding=GBK 
2017/06/26 21:38:12 INFO  - jmeter.JMeter: Max memory     =3786407936 
2017/06/26 21:38:12 INFO  - jmeter.JMeter: Available Processors =4 
2017/06/26 21:38:12 INFO  - jmeter.JMeter: Default Locale=中文 (中国) 
2017/06/26 21:38:12 INFO  - jmeter.JMeter: JMeter  Locale=中文 (中国) 
2017/06/26 21:38:12 INFO  - jmeter.JMeter: JMeterHome=E:\BaiduNetdiskDownload\apache-jmeter-3.1\apache-jmeter-3.1 
2017/06/26 21:38:12 INFO  - jmeter.JMeter: user.dir  =E:\BaiduNetdiskDownload\apache-jmeter-3.1\apache-jmeter-3.1\bin 
2017/06/26 21:38:12 INFO  - jmeter.JMeter: PWD       =E:\BaiduNetdiskDownload\apache-jmeter-3.1\apache-jmeter-3.1\bin 
2017/06/26 21:38:12 INFO  - jmeter.JMeter: IP: 192.168.0.117 Name: XTM-01706061955 FullName: XTM-01706061955 
2017/06/26 21:38:12 INFO  - jmeter.services.FileServer: Default base='E:\BaiduNetdiskDownload\apache-jmeter-3.1\apache-jmeter-3.1\bin' 
2017/06/26 21:38:12 INFO  - jmeter.services.FileServer: Set new base='E:\BaiduNetdiskDownload\apache-jmeter-3.1\apache-jmeter-3.1\BCscript' 
2017/06/26 21:38:12 INFO  - jmeter.save.SaveService: Testplan (JMX) version: 2.2. Testlog (JTL) version: 2.2 
2017/06/26 21:38:12 INFO  - jmeter.save.SaveService: Using SaveService properties file encoding UTF-8 
2017/06/26 21:38:12 INFO  - jmeter.save.SaveService: Using SaveService properties version 3.1 
2017/06/26 21:38:12 INFO  - jmeter.save.SaveService: All converter versions present and correct 
2017/06/26 21:38:12 INFO  - jmeter.save.SaveService: Loading file: E:\BaiduNetdiskDownload\apache-jmeter-3.1\apache-jmeter-3.1\BCscript\818.jmx 
2017/06/26 21:38:12 INFO  - jmeter.protocol.http.control.CookieManager: Settings: Delete null: true Check: true Allow variable: true Save: false Prefix: COOKIE_ 
2017/06/26 21:38:13 INFO  - jmeter.protocol.http.sampler.HTTPSamplerBase: Parser for text/html is org.apache.jmeter.protocol.http.parser.LagartoBasedHtmlParser 
2017/06/26 21:38:13 INFO  - jmeter.protocol.http.sampler.HTTPSamplerBase: Parser for application/xhtml+xml is org.apache.jmeter.protocol.http.parser.LagartoBasedHtmlParser 
2017/06/26 21:38:13 INFO  - jmeter.protocol.http.sampler.HTTPSamplerBase: Parser for application/xml is org.apache.jmeter.protocol.http.parser.LagartoBasedHtmlParser 
2017/06/26 21:38:13 INFO  - jmeter.protocol.http.sampler.HTTPSamplerBase: Parser for text/xml is org.apache.jmeter.protocol.http.parser.LagartoBasedHtmlParser 
2017/06/26 21:38:13 INFO  - jmeter.protocol.http.sampler.HTTPSamplerBase: Parser for text/vnd.wap.wml is org.apache.jmeter.protocol.http.parser.RegexpHTMLParser 
2017/06/26 21:38:13 INFO  - jmeter.protocol.http.sampler.HTTPSamplerBase: Parser for text/css is org.apache.jmeter.protocol.http.parser.CssParser 
2017/06/26 21:38:13 INFO  - jmeter.JMeter: Creating summariser <summary> 
2017/06/26 21:38:13 INFO  - jmeter.engine.StandardJMeterEngine: Running the test! 
2017/06/26 21:38:13 INFO  - jmeter.samplers.SampleEvent: List of sample_variables: [] 
2017/06/26 21:38:13 INFO  - jmeter.samplers.SampleEvent: List of sample_variables: [] 
2017/06/26 21:38:13 INFO  - jmeter.engine.util.CompoundVariable: Note: Function class names must contain the string: '.functions.' 
2017/06/26 21:38:13 INFO  - jmeter.engine.util.CompoundVariable: Note: Function class names must not contain the string: '.gui.' 
2017/06/26 21:38:13 INFO  - jmeter.JMeter: 正在运行的测试 (1498484293141) 
2017/06/26 21:38:13 INFO  - jmeter.engine.StandardJMeterEngine: Starting ThreadGroup: 1 : 线程组 
2017/06/26 21:38:13 INFO  - jmeter.engine.StandardJMeterEngine: Starting 1 threads for group 线程组. 
2017/06/26 21:38:13 INFO  - jmeter.engine.StandardJMeterEngine: Thread will continue on error 
2017/06/26 21:38:13 INFO  - jmeter.threads.ThreadGroup: Starting thread group number 1 threads 1 ramp-up 1 perThread 1000.0 delayedStart=false 
2017/06/26 21:38:13 INFO  - jmeter.threads.ThreadGroup: Started thread group number 1 
2017/06/26 21:38:13 INFO  - jmeter.engine.StandardJMeterEngine: All thread groups have been started 
2017/06/26 21:38:13 INFO  - jmeter.threads.JMeterThread: Thread started: 线程组 1-1 
2017/06/26 21:38:13 INFO  - jmeter.protocol.http.sampler.HTTPHCAbstractImpl: Local host = XTM-01706061955 
2017/06/26 21:38:13 INFO  - jmeter.protocol.http.sampler.HTTPHC4Impl: HTTP request retry count = 0 
2017/06/26 21:38:13 INFO  - jmeter.samplers.SampleResult: Note: Sample TimeStamps are START times 
2017/06/26 21:38:13 INFO  - jmeter.samplers.SampleResult: sampleresult.default.encoding is set to ISO-8859-1 
2017/06/26 21:38:13 INFO  - jmeter.samplers.SampleResult: sampleresult.useNanoTime=true 
2017/06/26 21:38:13 INFO  - jmeter.samplers.SampleResult: sampleresult.nanoThreadSleep=5000 
2017/06/26 21:38:13 INFO  - jmeter.threads.JMeterThread: Thread is done: 线程组 1-1 
2017/06/26 21:38:13 INFO  - jmeter.threads.JMeterThread: Thread finished: 线程组 1-1 
2017/06/26 21:38:13 INFO  - jmeter.engine.StandardJMeterEngine: Notifying test listeners of end of test 
2017/06/26 21:38:13 INFO  - jmeter.reporters.Summariser: summary =      2 in 00:00:01 =    3.3/s Avg:   256 Min:   214 Max:   299 Err:     1 (50.00%) 
